<?xml version="1.0" encoding="UTF-8"?>
<!-- Generated by org.testng.reporters.JUnitReportReporter -->
<testsuite hostname="DESKTOP-7U7LMPD" failures="0" tests="1" name="com.InBanking.TestCases.TC_LoginTest_001" time="9.158" errors="0" timestamp="2022-09-01T08:42:13 IST" skipped="0">
  <testcase classname="com.InBanking.TestCases.TC_LoginTest_001" name="LoginTest" time="9.158"/>
  <system-out/>
</testsuite> <!-- com.InBanking.TestCases.TC_LoginTest_001 -->
