<?xml version="1.0" encoding="UTF-8"?>
<!-- Generated by org.testng.reporters.JUnitReportReporter -->
<testsuite hostname="DESKTOP-7U7LMPD" failures="0" tests="1" name="com.InBanking.TestCases.PRA" time="31.726" errors="0" timestamp="2022-08-31T19:22:03 IST" skipped="0">
  <testcase classname="com.InBanking.TestCases.PRA" name="logoutlinkTest" time="31.726"/>
  <system-out/>
</testsuite> <!-- com.InBanking.TestCases.PRA -->
